  guild.cpp
  team.cpp
  tester_1.cpp
C:\Users\alecc\Seneca\Summer 2025\OOP345\practice2\Assignment 2\src\Project1\barbarian.h(36,63): warning C4244: 'return': conversion from 'double' to 'int', possible loss of data
  (compiling source file 'tester_1.cpp')
      C:\Users\alecc\Seneca\Summer 2025\OOP345\practice2\Assignment 2\src\Project1\barbarian.h(36,63):
      the template instantiation context (the oldest one first) is
          C:\Users\alecc\Seneca\Summer 2025\OOP345\practice2\Assignment 2\src\Project1\tester_1.cpp(76,62):
          see reference to class template instantiation 'seneca::Barbarian<double,seneca::Fireball,seneca::Sword>' being compiled
          C:\Users\alecc\Seneca\Summer 2025\OOP345\practice2\Assignment 2\src\Project1\barbarian.h(35,7):
          while compiling class template member function 'int seneca::Barbarian<double,seneca::Fireball,seneca::Sword>::getAttackAmnt(void) const'
              C:\Users\alecc\Seneca\Summer 2025\OOP345\practice2\Assignment 2\src\Project1\barbarian.h(53,15):
              see the first reference to 'seneca::Barbarian<double,seneca::Fireball,seneca::Sword>::getAttackAmnt' in 'seneca::Barbarian<double,seneca::Fireball,seneca::Sword>::attack'
  
C:\Users\alecc\Seneca\Summer 2025\OOP345\practice2\Assignment 2\src\Project1\archer.h(35,15): warning C4244: 'return': conversion from 'double' to 'int', possible loss of data
  (compiling source file 'tester_1.cpp')
      C:\Users\alecc\Seneca\Summer 2025\OOP345\practice2\Assignment 2\src\Project1\archer.h(35,15):
      the template instantiation context (the oldest one first) is
          C:\Users\alecc\Seneca\Summer 2025\OOP345\practice2\Assignment 2\src\Project1\tester_1.cpp(71,31):
          see reference to class template instantiation 'seneca::Archer<seneca::Bow>' being compiled
          C:\Users\alecc\Seneca\Summer 2025\OOP345\practice2\Assignment 2\src\Project1\archer.h(34,7):
          while compiling class template member function 'int seneca::Archer<seneca::Bow>::getDefenseAmnt(void) const'
              C:\Users\alecc\Seneca\Summer 2025\OOP345\practice2\Assignment 2\src\Project1\archer.h(55,101):
              see the first reference to 'seneca::Archer<seneca::Bow>::getDefenseAmnt' in 'seneca::Archer<seneca::Bow>::takeDamage'
  
C:\Users\alecc\Seneca\Summer 2025\OOP345\practice2\Assignment 2\src\Project1\archer.h(31,15): warning C4244: 'return': conversion from 'double' to 'int', possible loss of data
  (compiling source file 'tester_1.cpp')
      C:\Users\alecc\Seneca\Summer 2025\OOP345\practice2\Assignment 2\src\Project1\archer.h(31,15):
      the template instantiation context (the oldest one first) is
          C:\Users\alecc\Seneca\Summer 2025\OOP345\practice2\Assignment 2\src\Project1\archer.h(30,7):
          while compiling class template member function 'int seneca::Archer<seneca::Bow>::getAttackAmnt(void) const'
              C:\Users\alecc\Seneca\Summer 2025\OOP345\practice2\Assignment 2\src\Project1\archer.h(46,15):
              see the first reference to 'seneca::Archer<seneca::Bow>::getAttackAmnt' in 'seneca::Archer<seneca::Bow>::attack'
  
C:\Users\alecc\Seneca\Summer 2025\OOP345\practice2\Assignment 2\src\Project1\rogue.h(28,24): warning C4244: 'return': conversion from 'double' to 'int', possible loss of data
  (compiling source file 'tester_1.cpp')
      C:\Users\alecc\Seneca\Summer 2025\OOP345\practice2\Assignment 2\src\Project1\rogue.h(28,24):
      the template instantiation context (the oldest one first) is
          C:\Users\alecc\Seneca\Summer 2025\OOP345\practice2\Assignment 2\src\Project1\tester_1.cpp(67,73):
          see reference to class template instantiation 'seneca::Rogue<seneca::InfiniteHealth,seneca::Bersek,seneca::Bersek>' being compiled
          C:\Users\alecc\Seneca\Summer 2025\OOP345\practice2\Assignment 2\src\Project1\rogue.h(26,7):
          while compiling class template member function 'int seneca::Rogue<seneca::InfiniteHealth,seneca::Bersek,seneca::Bersek>::getAttackAmnt(void) const'
              C:\Users\alecc\Seneca\Summer 2025\OOP345\practice2\Assignment 2\src\Project1\rogue.h(44,15):
              see the first reference to 'seneca::Rogue<seneca::InfiniteHealth,seneca::Bersek,seneca::Bersek>::getAttackAmnt' in 'seneca::Rogue<seneca::InfiniteHealth,seneca::Bersek,seneca::Bersek>::attack'
  
  Generating Code...
C:\Users\alecc\Seneca\Summer 2025\OOP345\practice2\Assignment 2\src\Project1\guild.cpp(59,1): warning C4715: 'seneca::Guild::operator=': not all control paths return a value
  Project1.vcxproj -> C:\Users\alecc\Seneca\Summer 2025\OOP345\practice2\Assignment 2\src\Project1\x64\Debug\Project1.exe
